This is pdfTeX, Version 3.14159265-2.6-1.40.18 (TeX Live 2017/Debian) (preloaded format=pdflatex 2018.3.6)  15 MAR 2018 14:12
entering extended mode
 restricted \write18 enabled.
 %&-line parsing enabled.
**tfg.tex
(./tfg.tex
LaTeX2e <2017-04-15>
Babel <3.12> and hyphenation patterns for 84 language(s) loaded.
(/usr/share/texlive/texmf-dist/tex/latex/base/book.cls
Document Class: book 2014/09/29 v1.4h Standard LaTeX document class
(/usr/share/texlive/texmf-dist/tex/latex/base/bk12.clo
File: bk12.clo 2014/09/29 v1.4h Standard LaTeX file (size option)
)
\c@part=\count79
\c@chapter=\count80
\c@section=\count81
\c@subsection=\count82
\c@subsubsection=\count83
\c@paragraph=\count84
\c@subparagraph=\count85
\c@figure=\count86
\c@table=\count87
\abovecaptionskip=\skip41
\belowcaptionskip=\skip42
\bibindent=\dimen102
) (./tfg.sty
Package: tfg 

Estilo TFG
Package: tfg 
Estilo Proyecto Fin de Carrera
(/usr/share/texlive/texmf-dist/tex/generic/babel/babel.sty
Package: babel 2017/06/29 3.12 The Babel package

(/usr/share/texlive/texmf-dist/tex/generic/babel/switch.def
File: switch.def 2017/06/29 3.12 Babel switching mechanism
)
(/usr/share/texlive/texmf-dist/tex/generic/babel-spanish/spanish.ldf
Language: spanish.ldf 2016/03/03 v5.0p Spanish support from the babel system

(/usr/share/texlive/texmf-dist/tex/generic/babel/babel.def
File: babel.def 2017/06/29 3.12 Babel common definitions

(/usr/share/texlive/texmf-dist/tex/generic/babel/switch.def
File: switch.def 2017/06/29 3.12 Babel switching mechanism
)
\babel@savecnt=\count88
\U@D=\dimen103
)
\es@quottoks=\toks14
\es@quotdepth=\count89
Package babel Info: Making " an active character on input line 561.
Package babel Info: Making . an active character on input line 662.
Package babel Info: Making < an active character on input line 707.
Package babel Info: Making > an active character on input line 707.
))
(/usr/share/texlive/texmf-dist/tex/latex/base/inputenc.sty
Package: inputenc 2015/03/17 v1.2c Input encoding file
\inpenc@prehook=\toks15
\inpenc@posthook=\toks16

(/usr/share/texlive/texmf-dist/tex/latex/ucs/utf8x.def
File: utf8x.def 2004/10/17 UCS: Input encoding UTF-8
))
(/usr/share/texlive/texmf-dist/tex/latex/ucs/ucs.sty
Package: ucs 2013/05/11 v2.2 UCS: Unicode input support

(/usr/share/texlive/texmf-dist/tex/latex/ucs/data/uni-global.def
File: uni-global.def 2013/05/13 UCS: Unicode global data
)
\uc@secondtry=\count90
\uc@combtoks=\toks17
\uc@combtoksb=\toks18
\uc@temptokena=\toks19
)
(/usr/share/texlive/texmf-dist/tex/latex/morefloats/morefloats.sty
Package: morefloats 2015/07/22 v1.0h Raise limit of unprocessed floats (HMM)

(/usr/share/texlive/texmf-dist/tex/latex/oberdiek/kvoptions.sty
Package: kvoptions 2016/05/16 v3.12 Key value format for package options (HO)

(/usr/share/texlive/texmf-dist/tex/latex/graphics/keyval.sty
Package: keyval 2014/10/28 v1.15 key=value parser (DPC)
\KV@toks@=\toks20
)
(/usr/share/texlive/texmf-dist/tex/generic/oberdiek/ltxcmds.sty
Package: ltxcmds 2016/05/16 v1.23 LaTeX kernel commands for general use (HO)
)
(/usr/share/texlive/texmf-dist/tex/generic/oberdiek/kvsetkeys.sty
Package: kvsetkeys 2016/05/16 v1.17 Key value parser (HO)

(/usr/share/texlive/texmf-dist/tex/generic/oberdiek/infwarerr.sty
Package: infwarerr 2016/05/16 v1.4 Providing info/warning/error messages (HO)
)
(/usr/share/texlive/texmf-dist/tex/generic/oberdiek/etexcmds.sty
Package: etexcmds 2016/05/16 v1.6 Avoid name clashes with e-TeX commands (HO)

(/usr/share/texlive/texmf-dist/tex/generic/oberdiek/ifluatex.sty
Package: ifluatex 2016/05/16 v1.4 Provides the ifluatex switch (HO)
Package ifluatex Info: LuaTeX not detected.
)
Package etexcmds Info: Could not find \expanded.
(etexcmds)             That can mean that you are not using pdfTeX 1.50 or
(etexcmds)             that some package has redefined \expanded.
(etexcmds)             In the latter case, load this package earlier.
)))
Package morefloats Info: Maximum number of possible floats asked for: 36
(morefloats)             (i.e. 18 more floats).
(morefloats)             LaTeX might run out of memory before this
(morefloats)             (in which case it will notify you).
)
(/usr/share/texlive/texmf-dist/tex/latex/float/float.sty
Package: float 2001/11/08 v1.3d Float enhancements (AL)
\c@float@type=\count91
\float@exts=\toks21
\float@box=\box26
\@float@everytoks=\toks22
\@floatcapt=\box27
)
(/usr/share/texlive/texmf-dist/tex/latex/eurosym/eurosym.sty
Package: eurosym 1998/08/06 v1.1 European currency symbol ``Euro''
\@eurobox=\box28
)
(/usr/share/texlive/texmf-dist/tex/latex/fancybox/fancybox.sty
Package: fancybox 2010/05/15 1.4

Style option: `fancybox' v1.4 <2010/05/15> (tvz)
\@fancybox=\box29
\shadowsize=\dimen104
\@Sbox=\box30
\do@VerbBox=\toks23
\the@fancyput=\toks24
\this@fancyput=\toks25
\EndVerbatimTokens=\toks26
\Verbatim@Outfile=\write3
\Verbatim@Infile=\read1
) (/usr/share/texlive/texmf-dist/tex/latex/tools/multicol.sty
Package: multicol 2017/04/11 v1.8q multicolumn formatting (FMi)
\c@tracingmulticols=\count92
\mult@box=\box31
\multicol@leftmargin=\dimen105
\c@unbalance=\count93
\c@collectmore=\count94
\doublecol@number=\count95
\multicoltolerance=\count96
\multicolpretolerance=\count97
\full@width=\dimen106
\page@free=\dimen107
\premulticols=\dimen108
\postmulticols=\dimen109
\multicolsep=\skip43
\multicolbaselineskip=\skip44
\partial@page=\box32
\last@line=\box33
\maxbalancingoverflow=\dimen110
\mult@rightbox=\box34
\mult@grightbox=\box35
\mult@gfirstbox=\box36
\mult@firstbox=\box37
\@tempa=\box38
\@tempa=\box39
\@tempa=\box40
\@tempa=\box41
\@tempa=\box42
\@tempa=\box43
\@tempa=\box44
\@tempa=\box45
\@tempa=\box46
\@tempa=\box47
\@tempa=\box48
\@tempa=\box49
\@tempa=\box50
\@tempa=\box51
\@tempa=\box52
\@tempa=\box53
\@tempa=\box54
\c@columnbadness=\count98
\c@finalcolumnbadness=\count99
\last@try=\dimen111
\multicolovershoot=\dimen112
\multicolundershoot=\dimen113
\mult@nat@firstbox=\box55
\colbreak@box=\box56
\mc@col@check@num=\count100
)
(/usr/share/texlive/texmf-dist/tex/latex/amsmath/amsmath.sty
Package: amsmath 2016/11/05 v2.16a AMS math features
\@mathmargin=\skip45

For additional information on amsmath, use the `?' option.
(/usr/share/texlive/texmf-dist/tex/latex/amsmath/amstext.sty
Package: amstext 2000/06/29 v2.01 AMS text

(/usr/share/texlive/texmf-dist/tex/latex/amsmath/amsgen.sty
File: amsgen.sty 1999/11/30 v2.0 generic functions
\@emptytoks=\toks27
\ex@=\dimen114
))
(/usr/share/texlive/texmf-dist/tex/latex/amsmath/amsbsy.sty
Package: amsbsy 1999/11/29 v1.2d Bold Symbols
\pmbraise@=\dimen115
)
(/usr/share/texlive/texmf-dist/tex/latex/amsmath/amsopn.sty
Package: amsopn 2016/03/08 v2.02 operator names
)
\inf@bad=\count101
LaTeX Info: Redefining \frac on input line 213.
\uproot@=\count102
\leftroot@=\count103
LaTeX Info: Redefining \overline on input line 375.
\classnum@=\count104
\DOTSCASE@=\count105
LaTeX Info: Redefining \ldots on input line 472.
LaTeX Info: Redefining \dots on input line 475.
LaTeX Info: Redefining \cdots on input line 596.
\Mathstrutbox@=\box57
\strutbox@=\box58
\big@size=\dimen116
LaTeX Font Info:    Redeclaring font encoding OML on input line 712.
LaTeX Font Info:    Redeclaring font encoding OMS on input line 713.
\macc@depth=\count106
\c@MaxMatrixCols=\count107
\dotsspace@=\muskip10
\c@parentequation=\count108
\dspbrk@lvl=\count109
\tag@help=\toks28
\row@=\count110
\column@=\count111
\maxfields@=\count112
\andhelp@=\toks29
\eqnshift@=\dimen117
\alignsep@=\dimen118
\tagshift@=\dimen119
\tagwidth@=\dimen120
\totwidth@=\dimen121
\lineht@=\dimen122
\@envbody=\toks30
\multlinegap=\skip46
\multlinetaggap=\skip47
\mathdisplay@stack=\toks31
LaTeX Info: Redefining \[ on input line 2817.
LaTeX Info: Redefining \] on input line 2818.
)
(/usr/share/texlive/texmf-dist/tex/latex/caption/subcaption.sty
Package: subcaption 2016/05/22 v1.1-161 Sub-captions (AR)

(/usr/share/texlive/texmf-dist/tex/latex/caption/caption.sty
Package: caption 2016/02/21 v3.3-144 Customizing captions (AR)

(/usr/share/texlive/texmf-dist/tex/latex/caption/caption3.sty
Package: caption3 2016/05/22 v1.7-166 caption3 kernel (AR)
Package caption3 Info: TeX engine: e-TeX on input line 67.
\captionmargin=\dimen123
\captionmargin@=\dimen124
\captionwidth=\dimen125
\caption@tempdima=\dimen126
\caption@indent=\dimen127
\caption@parindent=\dimen128
\caption@hangindent=\dimen129
)
\c@ContinuedFloat=\count113
Package caption Info: float package is loaded.
)
\c@subfigure=\count114
\c@subtable=\count115
)
(/usr/share/texlive/texmf-dist/tex/generic/oberdiek/ifpdf.sty
Package: ifpdf 2017/03/15 v3.2 Provides the ifpdf switch
)
(/usr/share/texlive/texmf-dist/tex/latex/anysize/anysize.sty
Package: anysize 1994/08/13 setting margin sizes

document style option `anysize' loaded
Michael Salzenberg, Thomas Esser, Dirk Hillbrecht
Version 1.0, Aug 13, 1994
\@Leftmargin=\dimen130
\@Rightmargin=\dimen131
\@Topmargin=\dimen132
\@Bottommargin=\dimen133
) (/usr/share/texlive/texmf-dist/tex/latex/tools/longtable.sty
Package: longtable 2014/10/28 v4.11 Multi-page Table package (DPC)
\LTleft=\skip48
\LTright=\skip49
\LTpre=\skip50
\LTpost=\skip51
\LTchunksize=\count116
\LTcapwidth=\dimen134
\LT@head=\box59
\LT@firsthead=\box60
\LT@foot=\box61
\LT@lastfoot=\box62
\LT@cols=\count117
\LT@rows=\count118
\c@LT@tables=\count119
\c@LT@chunks=\count120
\LT@p@ftn=\toks32
) (./tikz-uml.sty
Package: tikz-uml 2011/01/26
(/usr/share/texlive/texmf-dist/tex/latex/base/ifthen.sty
Package: ifthen 2014/09/29 v1.1c Standard LaTeX ifthen package (DPC)
)
(/usr/share/texlive/texmf-dist/tex/latex/pgf/frontendlayer/tikz.sty
(/usr/share/texlive/texmf-dist/tex/latex/pgf/basiclayer/pgf.sty
(/usr/share/texlive/texmf-dist/tex/latex/pgf/utilities/pgfrcs.sty
(/usr/share/texlive/texmf-dist/tex/generic/pgf/utilities/pgfutil-common.tex
\pgfutil@everybye=\toks33
\pgfutil@tempdima=\dimen135
\pgfutil@tempdimb=\dimen136

(/usr/share/texlive/texmf-dist/tex/generic/pgf/utilities/pgfutil-common-lists.t
ex)) (/usr/share/texlive/texmf-dist/tex/generic/pgf/utilities/pgfutil-latex.def
\pgfutil@abb=\box63
(/usr/share/texlive/texmf-dist/tex/latex/ms/everyshi.sty
Package: everyshi 2001/05/15 v3.00 EveryShipout Package (MS)
))
(/usr/share/texlive/texmf-dist/tex/generic/pgf/utilities/pgfrcs.code.tex
Package: pgfrcs 2015/08/07 v3.0.1a (rcs-revision 1.31)
))
Package: pgf 2015/08/07 v3.0.1a (rcs-revision 1.15)

(/usr/share/texlive/texmf-dist/tex/latex/pgf/basiclayer/pgfcore.sty
(/usr/share/texlive/texmf-dist/tex/latex/graphics/graphicx.sty
Package: graphicx 2017/06/01 v1.1a Enhanced LaTeX Graphics (DPC,SPQR)

(/usr/share/texlive/texmf-dist/tex/latex/graphics/graphics.sty
Package: graphics 2017/06/25 v1.2c Standard LaTeX Graphics (DPC,SPQR)

(/usr/share/texlive/texmf-dist/tex/latex/graphics/trig.sty
Package: trig 2016/01/03 v1.10 sin cos tan (DPC)
)
(/usr/share/texlive/texmf-dist/tex/latex/graphics-cfg/graphics.cfg
File: graphics.cfg 2016/06/04 v1.11 sample graphics configuration
)
Package graphics Info: Driver file: pdftex.def on input line 99.

(/usr/share/texlive/texmf-dist/tex/latex/graphics-def/pdftex.def
File: pdftex.def 2017/06/24 v1.0g Graphics/color driver for pdftex
))
\Gin@req@height=\dimen137
\Gin@req@width=\dimen138
)
(/usr/share/texlive/texmf-dist/tex/latex/pgf/systemlayer/pgfsys.sty
(/usr/share/texlive/texmf-dist/tex/generic/pgf/systemlayer/pgfsys.code.tex
Package: pgfsys 2014/07/09 v3.0.1a (rcs-revision 1.48)

(/usr/share/texlive/texmf-dist/tex/generic/pgf/utilities/pgfkeys.code.tex
\pgfkeys@pathtoks=\toks34
\pgfkeys@temptoks=\toks35

(/usr/share/texlive/texmf-dist/tex/generic/pgf/utilities/pgfkeysfiltered.code.t
ex
\pgfkeys@tmptoks=\toks36
))
\pgf@x=\dimen139
\pgf@y=\dimen140
\pgf@xa=\dimen141
\pgf@ya=\dimen142
\pgf@xb=\dimen143
\pgf@yb=\dimen144
\pgf@xc=\dimen145
\pgf@yc=\dimen146
\w@pgf@writea=\write4
\r@pgf@reada=\read2
\c@pgf@counta=\count121
\c@pgf@countb=\count122
\c@pgf@countc=\count123
\c@pgf@countd=\count124
\t@pgf@toka=\toks37
\t@pgf@tokb=\toks38
\t@pgf@tokc=\toks39
 (/usr/share/texlive/texmf-dist/tex/generic/pgf/systemlayer/pgf.cfg
File: pgf.cfg 2008/05/14  (rcs-revision 1.7)
)
Driver file for pgf: pgfsys-pdftex.def

(/usr/share/texlive/texmf-dist/tex/generic/pgf/systemlayer/pgfsys-pdftex.def
File: pgfsys-pdftex.def 2014/10/11  (rcs-revision 1.35)

(/usr/share/texlive/texmf-dist/tex/generic/pgf/systemlayer/pgfsys-common-pdf.de
f
File: pgfsys-common-pdf.def 2013/10/10  (rcs-revision 1.13)
)))
(/usr/share/texlive/texmf-dist/tex/generic/pgf/systemlayer/pgfsyssoftpath.code.
tex
File: pgfsyssoftpath.code.tex 2013/09/09  (rcs-revision 1.9)
\pgfsyssoftpath@smallbuffer@items=\count125
\pgfsyssoftpath@bigbuffer@items=\count126
)
(/usr/share/texlive/texmf-dist/tex/generic/pgf/systemlayer/pgfsysprotocol.code.
tex
File: pgfsysprotocol.code.tex 2006/10/16  (rcs-revision 1.4)
)) (/usr/share/texlive/texmf-dist/tex/latex/xcolor/xcolor.sty
Package: xcolor 2016/05/11 v2.12 LaTeX color extensions (UK)

(/usr/share/texlive/texmf-dist/tex/latex/graphics-cfg/color.cfg
File: color.cfg 2016/01/02 v1.6 sample color configuration
)
Package xcolor Info: Driver file: pdftex.def on input line 225.
Package xcolor Info: Model `cmy' substituted by `cmy0' on input line 1348.
Package xcolor Info: Model `hsb' substituted by `rgb' on input line 1352.
Package xcolor Info: Model `RGB' extended on input line 1364.
Package xcolor Info: Model `HTML' substituted by `rgb' on input line 1366.
Package xcolor Info: Model `Hsb' substituted by `hsb' on input line 1367.
Package xcolor Info: Model `tHsb' substituted by `hsb' on input line 1368.
Package xcolor Info: Model `HSB' substituted by `hsb' on input line 1369.
Package xcolor Info: Model `Gray' substituted by `gray' on input line 1370.
Package xcolor Info: Model `wave' substituted by `hsb' on input line 1371.
)
(/usr/share/texlive/texmf-dist/tex/generic/pgf/basiclayer/pgfcore.code.tex
Package: pgfcore 2010/04/11 v3.0.1a (rcs-revision 1.7)

(/usr/share/texlive/texmf-dist/tex/generic/pgf/math/pgfmath.code.tex
(/usr/share/texlive/texmf-dist/tex/generic/pgf/math/pgfmathcalc.code.tex
(/usr/share/texlive/texmf-dist/tex/generic/pgf/math/pgfmathutil.code.tex)
(/usr/share/texlive/texmf-dist/tex/generic/pgf/math/pgfmathparser.code.tex
\pgfmath@dimen=\dimen147
\pgfmath@count=\count127
\pgfmath@box=\box64
\pgfmath@toks=\toks40
\pgfmath@stack@operand=\toks41
\pgfmath@stack@operation=\toks42
)
(/usr/share/texlive/texmf-dist/tex/generic/pgf/math/pgfmathfunctions.code.tex
(/usr/share/texlive/texmf-dist/tex/generic/pgf/math/pgfmathfunctions.basic.code
.tex)
(/usr/share/texlive/texmf-dist/tex/generic/pgf/math/pgfmathfunctions.trigonomet
ric.code.tex)
(/usr/share/texlive/texmf-dist/tex/generic/pgf/math/pgfmathfunctions.random.cod
e.tex)
(/usr/share/texlive/texmf-dist/tex/generic/pgf/math/pgfmathfunctions.comparison
.code.tex)
(/usr/share/texlive/texmf-dist/tex/generic/pgf/math/pgfmathfunctions.base.code.
tex)
(/usr/share/texlive/texmf-dist/tex/generic/pgf/math/pgfmathfunctions.round.code
.tex)
(/usr/share/texlive/texmf-dist/tex/generic/pgf/math/pgfmathfunctions.misc.code.
tex)
(/usr/share/texlive/texmf-dist/tex/generic/pgf/math/pgfmathfunctions.integerari
thmetics.code.tex)))
(/usr/share/texlive/texmf-dist/tex/generic/pgf/math/pgfmathfloat.code.tex
\c@pgfmathroundto@lastzeros=\count128
))
(/usr/share/texlive/texmf-dist/tex/generic/pgf/basiclayer/pgfcorepoints.code.te
x
File: pgfcorepoints.code.tex 2013/10/07  (rcs-revision 1.27)
\pgf@picminx=\dimen148
\pgf@picmaxx=\dimen149
\pgf@picminy=\dimen150
\pgf@picmaxy=\dimen151
\pgf@pathminx=\dimen152
\pgf@pathmaxx=\dimen153
\pgf@pathminy=\dimen154
\pgf@pathmaxy=\dimen155
\pgf@xx=\dimen156
\pgf@xy=\dimen157
\pgf@yx=\dimen158
\pgf@yy=\dimen159
\pgf@zx=\dimen160
\pgf@zy=\dimen161
)
(/usr/share/texlive/texmf-dist/tex/generic/pgf/basiclayer/pgfcorepathconstruct.
code.tex
File: pgfcorepathconstruct.code.tex 2013/10/07  (rcs-revision 1.29)
\pgf@path@lastx=\dimen162
\pgf@path@lasty=\dimen163
)
(/usr/share/texlive/texmf-dist/tex/generic/pgf/basiclayer/pgfcorepathusage.code
.tex
File: pgfcorepathusage.code.tex 2014/11/02  (rcs-revision 1.24)
\pgf@shorten@end@additional=\dimen164
\pgf@shorten@start@additional=\dimen165
)
(/usr/share/texlive/texmf-dist/tex/generic/pgf/basiclayer/pgfcorescopes.code.te
x
File: pgfcorescopes.code.tex 2015/05/08  (rcs-revision 1.46)
\pgfpic=\box65
\pgf@hbox=\box66
\pgf@layerbox@main=\box67
\pgf@picture@serial@count=\count129
)
(/usr/share/texlive/texmf-dist/tex/generic/pgf/basiclayer/pgfcoregraphicstate.c
ode.tex
File: pgfcoregraphicstate.code.tex 2014/11/02  (rcs-revision 1.12)
\pgflinewidth=\dimen166
)
(/usr/share/texlive/texmf-dist/tex/generic/pgf/basiclayer/pgfcoretransformation
s.code.tex
File: pgfcoretransformations.code.tex 2015/08/07  (rcs-revision 1.20)
\pgf@pt@x=\dimen167
\pgf@pt@y=\dimen168
\pgf@pt@temp=\dimen169
)
(/usr/share/texlive/texmf-dist/tex/generic/pgf/basiclayer/pgfcorequick.code.tex
File: pgfcorequick.code.tex 2008/10/09  (rcs-revision 1.3)
)
(/usr/share/texlive/texmf-dist/tex/generic/pgf/basiclayer/pgfcoreobjects.code.t
ex
File: pgfcoreobjects.code.tex 2006/10/11  (rcs-revision 1.2)
)
(/usr/share/texlive/texmf-dist/tex/generic/pgf/basiclayer/pgfcorepathprocessing
.code.tex
File: pgfcorepathprocessing.code.tex 2013/09/09  (rcs-revision 1.9)
)
(/usr/share/texlive/texmf-dist/tex/generic/pgf/basiclayer/pgfcorearrows.code.te
x
File: pgfcorearrows.code.tex 2015/05/14  (rcs-revision 1.43)
\pgfarrowsep=\dimen170
)
(/usr/share/texlive/texmf-dist/tex/generic/pgf/basiclayer/pgfcoreshade.code.tex
File: pgfcoreshade.code.tex 2013/07/15  (rcs-revision 1.15)
\pgf@max=\dimen171
\pgf@sys@shading@range@num=\count130
)
(/usr/share/texlive/texmf-dist/tex/generic/pgf/basiclayer/pgfcoreimage.code.tex
File: pgfcoreimage.code.tex 2013/07/15  (rcs-revision 1.18)

(/usr/share/texlive/texmf-dist/tex/generic/pgf/basiclayer/pgfcoreexternal.code.
tex
File: pgfcoreexternal.code.tex 2014/07/09  (rcs-revision 1.21)
\pgfexternal@startupbox=\box68
))
(/usr/share/texlive/texmf-dist/tex/generic/pgf/basiclayer/pgfcorelayers.code.te
x
File: pgfcorelayers.code.tex 2013/07/18  (rcs-revision 1.7)
)
(/usr/share/texlive/texmf-dist/tex/generic/pgf/basiclayer/pgfcoretransparency.c
ode.tex
File: pgfcoretransparency.code.tex 2013/09/30  (rcs-revision 1.5)
)
(/usr/share/texlive/texmf-dist/tex/generic/pgf/basiclayer/pgfcorepatterns.code.
tex
File: pgfcorepatterns.code.tex 2013/11/07  (rcs-revision 1.5)
)))
(/usr/share/texlive/texmf-dist/tex/generic/pgf/modules/pgfmoduleshapes.code.tex
File: pgfmoduleshapes.code.tex 2014/03/21  (rcs-revision 1.35)
\pgfnodeparttextbox=\box69
) (/usr/share/texlive/texmf-dist/tex/generic/pgf/modules/pgfmoduleplot.code.tex
File: pgfmoduleplot.code.tex 2015/08/03  (rcs-revision 1.13)
)
(/usr/share/texlive/texmf-dist/tex/latex/pgf/compatibility/pgfcomp-version-0-65
.sty
Package: pgfcomp-version-0-65 2007/07/03 v3.0.1a (rcs-revision 1.7)
\pgf@nodesepstart=\dimen172
\pgf@nodesepend=\dimen173
)
(/usr/share/texlive/texmf-dist/tex/latex/pgf/compatibility/pgfcomp-version-1-18
.sty
Package: pgfcomp-version-1-18 2007/07/23 v3.0.1a (rcs-revision 1.1)
)) (/usr/share/texlive/texmf-dist/tex/latex/pgf/utilities/pgffor.sty
(/usr/share/texlive/texmf-dist/tex/latex/pgf/utilities/pgfkeys.sty
(/usr/share/texlive/texmf-dist/tex/generic/pgf/utilities/pgfkeys.code.tex))
(/usr/share/texlive/texmf-dist/tex/latex/pgf/math/pgfmath.sty
(/usr/share/texlive/texmf-dist/tex/generic/pgf/math/pgfmath.code.tex))
(/usr/share/texlive/texmf-dist/tex/generic/pgf/utilities/pgffor.code.tex
Package: pgffor 2013/12/13 v3.0.1a (rcs-revision 1.25)

(/usr/share/texlive/texmf-dist/tex/generic/pgf/math/pgfmath.code.tex)
\pgffor@iter=\dimen174
\pgffor@skip=\dimen175
\pgffor@stack=\toks43
\pgffor@toks=\toks44
))
(/usr/share/texlive/texmf-dist/tex/generic/pgf/frontendlayer/tikz/tikz.code.tex
Package: tikz 2015/08/07 v3.0.1a (rcs-revision 1.151)

(/usr/share/texlive/texmf-dist/tex/generic/pgf/libraries/pgflibraryplothandlers
.code.tex
File: pgflibraryplothandlers.code.tex 2013/08/31 v3.0.1a (rcs-revision 1.20)
\pgf@plot@mark@count=\count131
\pgfplotmarksize=\dimen176
)
\tikz@lastx=\dimen177
\tikz@lasty=\dimen178
\tikz@lastxsaved=\dimen179
\tikz@lastysaved=\dimen180
\tikzleveldistance=\dimen181
\tikzsiblingdistance=\dimen182
\tikz@figbox=\box70
\tikz@figbox@bg=\box71
\tikz@tempbox=\box72
\tikz@tempbox@bg=\box73
\tikztreelevel=\count132
\tikznumberofchildren=\count133
\tikznumberofcurrentchild=\count134
\tikz@fig@count=\count135

(/usr/share/texlive/texmf-dist/tex/generic/pgf/modules/pgfmodulematrix.code.tex
File: pgfmodulematrix.code.tex 2013/09/17  (rcs-revision 1.8)
\pgfmatrixcurrentrow=\count136
\pgfmatrixcurrentcolumn=\count137
\pgf@matrix@numberofcolumns=\count138
)
\tikz@expandcount=\count139

(/usr/share/texlive/texmf-dist/tex/generic/pgf/frontendlayer/tikz/libraries/tik
zlibrarytopaths.code.tex
File: tikzlibrarytopaths.code.tex 2008/06/17 v3.0.1a (rcs-revision 1.2)
)))
(/usr/share/texlive/texmf-dist/tex/generic/xstring/xstring.sty
(/usr/share/texlive/texmf-dist/tex/generic/xstring/xstring.tex
\@xs@message=\write5
\integerpart=\count140
\decimalpart=\count141
)
Package: xstring 2013/10/13  v1.7c  String manipulations (C Tellechea)
)
(/usr/share/texlive/texmf-dist/tex/latex/tools/calc.sty
Package: calc 2014/10/28 v4.3 Infix arithmetic (KKT,FJ)
\calc@Acount=\count142
\calc@Bcount=\count143
\calc@Adimen=\dimen183
\calc@Bdimen=\dimen184
\calc@Askip=\skip52
\calc@Bskip=\skip53
LaTeX Info: Redefining \setlength on input line 80.
LaTeX Info: Redefining \addtolength on input line 81.
\calc@Ccount=\count144
\calc@Cskip=\skip54
)
(/usr/share/texlive/texmf-dist/tex/latex/pgfopts/pgfopts.sty
Package: pgfopts 2014/07/10 v2.1a LaTeX package options with pgfkeys
\pgfopts@list@add@a@toks=\toks45
\pgfopts@list@add@b@toks=\toks46
)
(/usr/share/texlive/texmf-dist/tex/generic/pgf/frontendlayer/tikz/libraries/tik
zlibrarybackgrounds.code.tex
File: tikzlibrarybackgrounds.code.tex 2013/07/18 v3.0.1a (rcs-revision 1.3)
\pgf@layerbox@background=\box74
\pgf@layerboxsaved@background=\box75
)
(/usr/share/texlive/texmf-dist/tex/generic/pgf/frontendlayer/tikz/libraries/tik
zlibraryarrows.code.tex
File: tikzlibraryarrows.code.tex 2008/01/09 v3.0.1a (rcs-revision 1.1)

(/usr/share/texlive/texmf-dist/tex/generic/pgf/libraries/pgflibraryarrows.code.
tex
File: pgflibraryarrows.code.tex 2013/09/23 v3.0.1a (rcs-revision 1.16)
\arrowsize=\dimen185
))
(/usr/share/texlive/texmf-dist/tex/generic/pgf/frontendlayer/tikz/libraries/tik
zlibraryshapes.code.tex
File: tikzlibraryshapes.code.tex 2008/01/09 v3.0.1a (rcs-revision 1.1)

(/usr/share/texlive/texmf-dist/tex/generic/pgf/frontendlayer/tikz/libraries/tik
zlibraryshapes.geometric.code.tex
File: tikzlibraryshapes.geometric.code.tex 2008/01/09 v3.0.1a (rcs-revision 1.1
)

(/usr/share/texlive/texmf-dist/tex/generic/pgf/libraries/shapes/pgflibraryshape
s.geometric.code.tex
File: pgflibraryshapes.geometric.code.tex 2008/06/26 v3.0.1a (rcs-revision 1.1)

))
(/usr/share/texlive/texmf-dist/tex/generic/pgf/frontendlayer/tikz/libraries/tik
zlibraryshapes.misc.code.tex
File: tikzlibraryshapes.misc.code.tex 2008/01/09 v3.0.1a (rcs-revision 1.1)

(/usr/share/texlive/texmf-dist/tex/generic/pgf/libraries/shapes/pgflibraryshape
s.misc.code.tex
File: pgflibraryshapes.misc.code.tex 2013/07/18 v3.0.1a (rcs-revision 1.5)
))
(/usr/share/texlive/texmf-dist/tex/generic/pgf/frontendlayer/tikz/libraries/tik
zlibraryshapes.symbols.code.tex
File: tikzlibraryshapes.symbols.code.tex 2008/01/09 v3.0.1a (rcs-revision 1.1)

(/usr/share/texlive/texmf-dist/tex/generic/pgf/libraries/shapes/pgflibraryshape
s.symbols.code.tex
File: pgflibraryshapes.symbols.code.tex 2013/09/11 v3.0.1a (rcs-revision 1.6)
))
(/usr/share/texlive/texmf-dist/tex/generic/pgf/frontendlayer/tikz/libraries/tik
zlibraryshapes.arrows.code.tex
File: tikzlibraryshapes.arrows.code.tex 2008/01/09 v3.0.1a (rcs-revision 1.1)

(/usr/share/texlive/texmf-dist/tex/generic/pgf/libraries/shapes/pgflibraryshape
s.arrows.code.tex
File: pgflibraryshapes.arrows.code.tex 2008/06/26 v3.0.1a (rcs-revision 1.1)
))
(/usr/share/texlive/texmf-dist/tex/generic/pgf/frontendlayer/tikz/libraries/tik
zlibraryshapes.callouts.code.tex
(/usr/share/texlive/texmf-dist/tex/generic/pgf/libraries/shapes/pgflibraryshape
s.callouts.code.tex))
(/usr/share/texlive/texmf-dist/tex/generic/pgf/frontendlayer/tikz/libraries/tik
zlibraryshapes.multipart.code.tex
File: tikzlibraryshapes.multipart.code.tex 2008/01/09 v3.0.1a (rcs-revision 1.1
)

(/usr/share/texlive/texmf-dist/tex/generic/pgf/libraries/shapes/pgflibraryshape
s.multipart.code.tex
File: pgflibraryshapes.multipart.code.tex 2010/01/07 v3.0.1a (rcs-revision 1.2)

\pgfnodepartlowerbox=\box76
\pgfnodeparttwobox=\box77
\pgfnodepartthreebox=\box78
\pgfnodepartfourbox=\box79
\pgfnodeparttwentybox=\box80
\pgfnodepartnineteenbox=\box81
\pgfnodeparteighteenbox=\box82
\pgfnodepartseventeenbox=\box83
\pgfnodepartsixteenbox=\box84
\pgfnodepartfifteenbox=\box85
\pgfnodepartfourteenbox=\box86
\pgfnodepartthirteenbox=\box87
\pgfnodeparttwelvebox=\box88
\pgfnodepartelevenbox=\box89
\pgfnodeparttenbox=\box90
\pgfnodepartninebox=\box91
\pgfnodeparteightbox=\box92
\pgfnodepartsevenbox=\box93
\pgfnodepartsixbox=\box94
\pgfnodepartfivebox=\box95
)))
(/usr/share/texlive/texmf-dist/tex/generic/pgf/frontendlayer/tikz/libraries/tik
zlibraryfit.code.tex
File: tikzlibraryfit.code.tex 2013/07/12 v3.0.1a (rcs-revision 1.5)
)
(/usr/share/texlive/texmf-dist/tex/generic/pgf/frontendlayer/tikz/libraries/tik
zlibraryshadows.code.tex
File: tikzlibraryshadows.code.tex 2008/01/13 v3.0.1a (rcs-revision 1.3)

(/usr/share/texlive/texmf-dist/tex/generic/pgf/frontendlayer/tikz/libraries/tik
zlibraryfadings.code.tex
File: tikzlibraryfadings.code.tex 2009/11/15 v3.0.1a (rcs-revision 1.2)

(/usr/share/texlive/texmf-dist/tex/generic/pgf/libraries/pgflibraryfadings.code
.tex
File: pgflibraryfadings.code.tex 2008/02/07 v3.0.1a (rcs-revision 1.3)
)))
(/usr/share/texlive/texmf-dist/tex/generic/pgf/frontendlayer/tikz/libraries/tik
zlibrarydecorations.markings.code.tex
(/usr/share/texlive/texmf-dist/tex/generic/pgf/frontendlayer/tikz/libraries/tik
zlibrarydecorations.code.tex
(/usr/share/texlive/texmf-dist/tex/generic/pgf/modules/pgfmoduledecorations.cod
e.tex
\pgfdecoratedcompleteddistance=\dimen186
\pgfdecoratedremainingdistance=\dimen187
\pgfdecoratedinputsegmentcompleteddistance=\dimen188
\pgfdecoratedinputsegmentremainingdistance=\dimen189
\pgf@decorate@distancetomove=\dimen190
\pgf@decorate@repeatstate=\count145
\pgfdecorationsegmentamplitude=\dimen191
\pgfdecorationsegmentlength=\dimen192
)
\tikz@lib@dec@box=\box96
)
(/usr/share/texlive/texmf-dist/tex/generic/pgf/libraries/decorations/pgflibrary
decorations.markings.code.tex))
\c@tikzumlPackageLayers=\count146
\pgf@layerbox@package0=\box97
\pgf@layerboxsaved@package0=\box98
\pgf@layerbox@package1=\box99
\pgf@layerboxsaved@package1=\box100
\pgf@layerbox@package2=\box101
\pgf@layerboxsaved@package2=\box102
\pgf@layerbox@package3=\box103
\pgf@layerboxsaved@package3=\box104
\c@tikzumlFragmentLayers=\count147
\pgf@layerbox@fragment0=\box105
\pgf@layerboxsaved@fragment0=\box106
\pgf@layerbox@fragment1=\box107
\pgf@layerboxsaved@fragment1=\box108
\pgf@layerbox@fragment2=\box109
\pgf@layerboxsaved@fragment2=\box110
\pgf@layerbox@fragment3=\box111
\pgf@layerboxsaved@fragment3=\box112
\c@tikzumlStateLayers=\count148
\pgf@layerbox@state0=\box113
\pgf@layerboxsaved@state0=\box114
\pgf@layerbox@state1=\box115
\pgf@layerboxsaved@state1=\box116
\pgf@layerbox@state2=\box117
\pgf@layerboxsaved@state2=\box118
\pgf@layerbox@state3=\box119
\pgf@layerboxsaved@state3=\box120
\c@tikzumlComponentLayers=\count149
\pgf@layerbox@component0=\box121
\pgf@layerboxsaved@component0=\box122
\pgf@layerbox@component1=\box123
\pgf@layerboxsaved@component1=\box124
\pgf@layerbox@component2=\box125
\pgf@layerboxsaved@component2=\box126
\pgf@layerbox@component3=\box127
\pgf@layerboxsaved@component3=\box128
\pgf@layerbox@lifelines=\box129
\pgf@layerboxsaved@lifelines=\box130
\pgf@layerbox@activity=\box131
\pgf@layerboxsaved@activity=\box132
\pgf@layerbox@connections=\box133
\pgf@layerboxsaved@connections=\box134
\c@tikzumlPackageClassNum=\count150
\c@tikzumlPackageSubPackageNum=\count151
\c@tikzumlRelationNum=\count152
\c@tikzumlNoteNum=\count153
\c@pos=\count154
\c@posT=\count155
\c@posStereo=\count156
\c@tikzumlPackageLevel=\count157
\tikzumlNestingSymbolSize=\dimen193
\c@tikzumlSystemUseCaseNum=\count158
\c@tikzumlSystemLevel=\count159
\c@tikzumlUseCaseNum=\count160
\c@tikzumlActorNum=\count161
\c@tikzumlStateJoinNum=\count162
\c@tikzumlStateDecisionNum=\count163
\c@tikzumlStateInitialNum=\count164
\c@tikzumlStateFinalNum=\count165
\c@tikzumlStateEnterNum=\count166
\c@tikzumlStateExitNum=\count167
\c@tikzumlStateEndNum=\count168
\c@tikzumlStateHistoryNum=\count169
\c@tikzumlStateDeepHistoryNum=\count170
\c@tikzumlStateLevel=\count171
\c@tikzumlStateSubStateNum=\count172
\c@tikzumlStateText=\count173
\c@tikzumlObjectNum=\count174
\c@tikzumlCallLevel=\count175
\c@tikzumlCallNum=\count176
\c@tikzumlFragmentLevel=\count177
\c@tikzumlFragmentLevelNum=\count178
\c@tikzumlFragmentNum=\count179
\c@tikzumlFragmentPartNum=\count180
\c@tikzumlCallStartFragmentNum=\count181
\c@tikzumlCallEndFragmentNum=\count182
\c@tikzumlSDNodeNum=\count183
\tikzumlCall@xa=\skip55
\tikzumlCall@xb=\skip56
\c@tikzumlComponentLevel=\count184
\c@tikzumlComponentSubComponentNum=\count185
\c@tikzumlConnectorNum=\count186
\tikzuml@AC@xa=\skip57
\tikzuml@AC@ya=\skip58
\tikzuml@AC@xb=\skip59
\tikzuml@AC@yb=\skip60
\tikzuml@AC@xi=\skip61
\tikzuml@AC@yi=\skip62
\tikzuml@AC@xic=\skip63
\tikzuml@AC@yic=\skip64
\tikzuml@AC@xio=\skip65
\tikzuml@AC@yio=\skip66
\tikzuml@AC@AB=\skip67
\tikzuml@AC@lambda=\skip68
\tikzuml@AC@xtrc=\skip69
\tikzuml@AC@ytrc=\skip70
\tikzuml@AC@xtlc=\skip71
\tikzuml@AC@ytlc=\skip72
\tikzuml@AC@xblc=\skip73
\tikzuml@AC@yblc=\skip74
\tikzuml@AC@xbrc=\skip75
\tikzuml@AC@ybrc=\skip76
\tikzuml@AC@middleArm=\skip77
)
(/usr/share/texlive/texmf-dist/tex/latex/vmargin/vmargin.sty
Package: vmargin 2004/07/15 V2.5 set document margins (VK)

Package: vmargin 2004/07/15 V2.5 set document margins (VK)
\PaperWidth=\dimen194
\PaperHeight=\dimen195
) (/usr/share/texlive/texmf-dist/tex/latex/enumitem/enumitem.sty
Package: enumitem 2011/09/28 v3.5.2 Customized lists
\labelindent=\skip78
\enit@outerparindent=\dimen196
\enit@toks=\toks47
\enit@inbox=\box135
\enitdp@description=\count187
)
(/usr/share/texlive/texmf-dist/tex/latex/hyperref/hyperref.sty
Package: hyperref 2017/03/14 v6.85a Hypertext links for LaTeX

(/usr/share/texlive/texmf-dist/tex/generic/oberdiek/hobsub-hyperref.sty
Package: hobsub-hyperref 2016/05/16 v1.14 Bundle oberdiek, subset hyperref (HO)


(/usr/share/texlive/texmf-dist/tex/generic/oberdiek/hobsub-generic.sty
Package: hobsub-generic 2016/05/16 v1.14 Bundle oberdiek, subset generic (HO)
Package: hobsub 2016/05/16 v1.14 Construct package bundles (HO)
Package hobsub Info: Skipping package `infwarerr' (already loaded).
Package hobsub Info: Skipping package `ltxcmds' (already loaded).
Package hobsub Info: Skipping package `ifluatex' (already loaded).
Package: ifvtex 2016/05/16 v1.6 Detect VTeX and its facilities (HO)
Package ifvtex Info: VTeX not detected.
Package: intcalc 2016/05/16 v1.2 Expandable calculations with integers (HO)
Package hobsub Info: Skipping package `ifpdf' (already loaded).
Package hobsub Info: Skipping package `etexcmds' (already loaded).
Package hobsub Info: Skipping package `kvsetkeys' (already loaded).
Package: kvdefinekeys 2016/05/16 v1.4 Define keys (HO)
Package: pdftexcmds 2017/03/19 v0.25 Utility functions of pdfTeX for LuaTeX (HO
)
Package pdftexcmds Info: LuaTeX not detected.
Package pdftexcmds Info: \pdf@primitive is available.
Package pdftexcmds Info: \pdf@ifprimitive is available.
Package pdftexcmds Info: \pdfdraftmode found.
Package: pdfescape 2016/05/16 v1.14 Implements pdfTeX's escape features (HO)
Package: bigintcalc 2016/05/16 v1.4 Expandable calculations on big integers (HO
)
Package: bitset 2016/05/16 v1.2 Handle bit-vector datatype (HO)
Package: uniquecounter 2016/05/16 v1.3 Provide unlimited unique counter (HO)
)
Package hobsub Info: Skipping package `hobsub' (already loaded).
Package: letltxmacro 2016/05/16 v1.5 Let assignment for LaTeX macros (HO)
Package: hopatch 2016/05/16 v1.3 Wrapper for package hooks (HO)
Package: xcolor-patch 2016/05/16 xcolor patch
Package: atveryend 2016/05/16 v1.9 Hooks at the very end of document (HO)
Package atveryend Info: \enddocument detected (standard20110627).
Package: atbegshi 2016/06/09 v1.18 At begin shipout hook (HO)
Package: refcount 2016/05/16 v3.5 Data extraction from label references (HO)
Package: hycolor 2016/05/16 v1.8 Color options for hyperref/bookmark (HO)
)
(/usr/share/texlive/texmf-dist/tex/generic/ifxetex/ifxetex.sty
Package: ifxetex 2010/09/12 v0.6 Provides ifxetex conditional
)
(/usr/share/texlive/texmf-dist/tex/latex/oberdiek/auxhook.sty
Package: auxhook 2016/05/16 v1.4 Hooks for auxiliary files (HO)
)
\@linkdim=\dimen197
\Hy@linkcounter=\count188
\Hy@pagecounter=\count189

(/usr/share/texlive/texmf-dist/tex/latex/hyperref/pd1enc.def
File: pd1enc.def 2017/03/14 v6.85a Hyperref: PDFDocEncoding definition (HO)
)
\Hy@SavedSpaceFactor=\count190

(/usr/share/texlive/texmf-dist/tex/latex/latexconfig/hyperref.cfg
File: hyperref.cfg 2002/06/06 v1.2 hyperref configuration of TeXLive
)
Package hyperref Info: Hyper figures OFF on input line 4498.
Package hyperref Info: Link nesting OFF on input line 4503.
Package hyperref Info: Hyper index ON on input line 4506.
Package hyperref Info: Plain pages OFF on input line 4513.
Package hyperref Info: Backreferencing ON on input line 4516.
Package hyperref Info: Implicit mode ON; LaTeX internals redefined.
Package hyperref Info: Bookmarks ON on input line 4751.

(/usr/share/texlive/texmf-dist/tex/latex/hyperref/backref.sty
Package: backref 2016/05/21 v1.39 Bibliographical back referencing

(/usr/share/texlive/texmf-dist/tex/latex/oberdiek/rerunfilecheck.sty
Package: rerunfilecheck 2016/05/16 v1.8 Rerun checks for auxiliary files (HO)
Package uniquecounter Info: New unique counter `rerunfilecheck' on input line 2
82.
))
\c@Hy@tempcnt=\count191

(/usr/share/texlive/texmf-dist/tex/latex/url/url.sty
\Urlmuskip=\muskip11
Package: url 2013/09/16  ver 3.4  Verb mode for urls, etc.
)
LaTeX Info: Redefining \url on input line 5104.
\XeTeXLinkMargin=\dimen198
\Fld@menulength=\count192
\Field@Width=\dimen199
\Fld@charsize=\dimen256
Package hyperref Info: Hyper figures OFF on input line 6358.
Package hyperref Info: Link nesting OFF on input line 6363.
Package hyperref Info: Hyper index ON on input line 6366.
Package hyperref Info: backreferencing ON on input line 6371.
Package hyperref Info: Link coloring OFF on input line 6378.
Package hyperref Info: Link coloring with OCG OFF on input line 6383.
Package hyperref Info: PDF/A mode OFF on input line 6388.
LaTeX Info: Redefining \ref on input line 6428.
LaTeX Info: Redefining \pageref on input line 6432.
\Hy@abspage=\count193
\c@Item=\count194
\c@Hfootnote=\count195
)

Package hyperref Message: Driver (autodetected): hpdftex.

(/usr/share/texlive/texmf-dist/tex/latex/hyperref/hpdftex.def
File: hpdftex.def 2017/03/14 v6.85a Hyperref driver for pdfTeX
\Fld@listcount=\count196
\c@bookmark@seq@number=\count197
\Hy@SectionHShift=\skip79
)
(/usr/share/texlive/texmf-dist/tex/latex/setspace/setspace.sty
Package: setspace 2011/12/19 v6.7a set line spacing
)
(/usr/share/texlive/texmf-dist/tex/latex/titlesec/titlesec.sty
Package: titlesec 2016/03/21 v2.10.2 Sectioning titles
\ttl@box=\box136
\beforetitleunit=\skip80
\aftertitleunit=\skip81
\ttl@plus=\dimen257
\ttl@minus=\dimen258
\ttl@toksa=\toks48
\titlewidth=\dimen259
\titlewidthlast=\dimen260
\titlewidthfirst=\dimen261
)

! Package vmargin Error: Vertical dimensions exceed paper height by 36.13498pt.


See the vmargin package documentation for explanation.
Type  H <return>  for immediate help.
 ...                                              
                                                  
l.65 {3cm}
                                     % espacio entre el texto y el pie de pÃ...
This error message was generated by an \errmessage
command, so I can't give any explicit help.
Pretend that you're Hercule Poirot: Examine all clues,
and deduce the truth by order and method.

(/usr/share/texlive/texmf-dist/tex/latex/fancyhdr/fancyhdr.sty
Package: fancyhdr 2017/06/30 v3.9a Extensive control of page headers and footer
s
\f@nch@headwidth=\skip82
\f@nch@O@elh=\skip83
\f@nch@O@erh=\skip84
\f@nch@O@olh=\skip85
\f@nch@O@orh=\skip86
\f@nch@O@elf=\skip87
\f@nch@O@erf=\skip88
\f@nch@O@olf=\skip89
\f@nch@O@orf=\skip90
))
(/usr/share/texlive/texmf-dist/tex/latex/psnfss/mathptmx.sty
Package: mathptmx 2005/04/12 PSNFSS-v9.2a Times w/ Math, improved (SPQR, WaS) 
LaTeX Font Info:    Redeclaring symbol font `operators' on input line 28.
LaTeX Font Info:    Overwriting symbol font `operators' in version `normal'
(Font)                  OT1/cmr/m/n --> OT1/ztmcm/m/n on input line 28.
LaTeX Font Info:    Overwriting symbol font `operators' in version `bold'
(Font)                  OT1/cmr/bx/n --> OT1/ztmcm/m/n on input line 28.
LaTeX Font Info:    Redeclaring symbol font `letters' on input line 29.
LaTeX Font Info:    Overwriting symbol font `letters' in version `normal'
(Font)                  OML/cmm/m/it --> OML/ztmcm/m/it on input line 29.
LaTeX Font Info:    Overwriting symbol font `letters' in version `bold'
(Font)                  OML/cmm/b/it --> OML/ztmcm/m/it on input line 29.
LaTeX Font Info:    Redeclaring symbol font `symbols' on input line 30.
LaTeX Font Info:    Overwriting symbol font `symbols' in version `normal'
(Font)                  OMS/cmsy/m/n --> OMS/ztmcm/m/n on input line 30.
LaTeX Font Info:    Overwriting symbol font `symbols' in version `bold'
(Font)                  OMS/cmsy/b/n --> OMS/ztmcm/m/n on input line 30.
LaTeX Font Info:    Redeclaring symbol font `largesymbols' on input line 31.
LaTeX Font Info:    Overwriting symbol font `largesymbols' in version `normal'
(Font)                  OMX/cmex/m/n --> OMX/ztmcm/m/n on input line 31.
LaTeX Font Info:    Overwriting symbol font `largesymbols' in version `bold'
(Font)                  OMX/cmex/m/n --> OMX/ztmcm/m/n on input line 31.
\symbold=\mathgroup4
\symitalic=\mathgroup5
LaTeX Font Info:    Redeclaring math alphabet \mathbf on input line 34.
LaTeX Font Info:    Overwriting math alphabet `\mathbf' in version `normal'
(Font)                  OT1/cmr/bx/n --> OT1/ptm/bx/n on input line 34.
LaTeX Font Info:    Overwriting math alphabet `\mathbf' in version `bold'
(Font)                  OT1/cmr/bx/n --> OT1/ptm/bx/n on input line 34.
LaTeX Font Info:    Redeclaring math alphabet \mathit on input line 35.
LaTeX Font Info:    Overwriting math alphabet `\mathit' in version `normal'
(Font)                  OT1/cmr/m/it --> OT1/ptm/m/it on input line 35.
LaTeX Font Info:    Overwriting math alphabet `\mathit' in version `bold'
(Font)                  OT1/cmr/bx/it --> OT1/ptm/m/it on input line 35.
LaTeX Info: Redefining \hbar on input line 50.
) (./tfg.aux
LaTeX Info: Redefining \. on input line 23.
LaTeX Info: Redefining \% on input line 23.

(./04-Analisis/tfg-analisis.aux

LaTeX Warning: Label `fig:1' multiply defined.

))
\openout1 = `tfg.aux'.

LaTeX Font Info:    Checking defaults for OML/cmm/m/it on input line 7.
LaTeX Font Info:    ... okay on input line 7.
LaTeX Font Info:    Checking defaults for T1/cmr/m/n on input line 7.
LaTeX Font Info:    ... okay on input line 7.
LaTeX Font Info:    Checking defaults for OT1/cmr/m/n on input line 7.
LaTeX Font Info:    ... okay on input line 7.
LaTeX Font Info:    Checking defaults for OMS/cmsy/m/n on input line 7.
LaTeX Font Info:    ... okay on input line 7.
LaTeX Font Info:    Checking defaults for OMX/cmex/m/n on input line 7.
LaTeX Font Info:    ... okay on input line 7.
LaTeX Font Info:    Checking defaults for U/cmr/m/n on input line 7.
LaTeX Font Info:    ... okay on input line 7.
LaTeX Font Info:    Checking defaults for PD1/pdf/m/n on input line 7.
LaTeX Font Info:    ... okay on input line 7.
LaTeX Font Info:    Try loading font information for OT1+ptm on input line 7.
 (/usr/share/texlive/texmf-dist/tex/latex/psnfss/ot1ptm.fd
File: ot1ptm.fd 2001/06/04 font definitions for OT1/ptm.
)
LaTeX Info: Redefining \. on input line 7.
LaTeX Info: Redefining \% on input line 7.

(/usr/share/texlive/texmf-dist/tex/latex/ucs/ucsencs.def
File: ucsencs.def 2011/01/21 Fixes to fontencodings LGR, T3
)
Package caption Info: Begin \AtBeginDocument code.
Package caption Info: hyperref package is loaded.
Package caption Info: longtable package is loaded.

(/usr/share/texlive/texmf-dist/tex/latex/caption/ltcaption.sty
Package: ltcaption 2013/06/09 v1.4-94 longtable captions (AR)
)
Package caption Info: End \AtBeginDocument code.

ABD: EveryShipout initializing macros
(/usr/share/texlive/texmf-dist/tex/context/base/mkii/supp-pdf.mkii
[Loading MPS to PDF converter (version 2006.09.02).]
\scratchcounter=\count198
\scratchdimen=\dimen262
\scratchbox=\box137
\nofMPsegments=\count199
\nofMParguments=\count266
\everyMPshowfont=\toks49
\MPscratchCnt=\count267
\MPscratchDim=\dimen263
\MPnumerator=\count268
\makeMPintoPDFobject=\count269
\everyMPtoPDFconversion=\toks50
) (/usr/share/texlive/texmf-dist/tex/latex/oberdiek/epstopdf-base.sty
Package: epstopdf-base 2016/05/15 v2.6 Base part for package epstopdf

(/usr/share/texlive/texmf-dist/tex/latex/oberdiek/grfext.sty
Package: grfext 2016/05/16 v1.2 Manage graphics extensions (HO)
)
Package epstopdf-base Info: Redefining graphics rule for `.eps' on input line 4
38.
Package grfext Info: Graphics extension search list:
(grfext)             [.pdf,.png,.jpg,.mps,.jpeg,.jbig2,.jb2,.PDF,.PNG,.JPG,.JPE
G,.JBIG2,.JB2,.eps]
(grfext)             \AppendGraphicsExtensions on input line 456.

(/usr/share/texlive/texmf-dist/tex/latex/latexconfig/epstopdf-sys.cfg
File: epstopdf-sys.cfg 2010/07/13 v1.3 Configuration of (r)epstopdf for TeX Liv
e
))
\AtBeginShipoutBox=\box138
Package hyperref Info: Link coloring OFF on input line 7.

(/usr/share/texlive/texmf-dist/tex/latex/hyperref/nameref.sty
Package: nameref 2016/05/21 v2.44 Cross-referencing by name of section

(/usr/share/texlive/texmf-dist/tex/generic/oberdiek/gettitlestring.sty
Package: gettitlestring 2016/05/16 v1.5 Cleanup title references (HO)
)
\c@section@level=\count270
)
LaTeX Info: Redefining \ref on input line 7.
LaTeX Info: Redefining \pageref on input line 7.
LaTeX Info: Redefining \nameref on input line 7.

(./tfg.out) (./tfg.out)
\@outlinefile=\write6
\openout6 = `tfg.out'.

LaTeX Font Info:    Font shape `OT1/ptm/bx/n' in size <17.28> not available
(Font)              Font shape `OT1/ptm/b/n' tried instead on input line 9.
LaTeX Font Info:    Font shape `OT1/ptm/bx/n' in size <20.74> not available
(Font)              Font shape `OT1/ptm/b/n' tried instead on input line 9.
 (./tfg.toc
LaTeX Info: Redefining \. on input line 1.
LaTeX Info: Redefining \% on input line 1.
LaTeX Font Info:    Font shape `OT1/ptm/bx/n' in size <12> not available
(Font)              Font shape `OT1/ptm/b/n' tried instead on input line 3.
LaTeX Font Info:    Try loading font information for OT1+ztmcm on input line 4.


(/usr/share/texlive/texmf-dist/tex/latex/psnfss/ot1ztmcm.fd
File: ot1ztmcm.fd 2000/01/03 Fontinst v1.801 font definitions for OT1/ztmcm.
)
LaTeX Font Info:    Try loading font information for OML+ztmcm on input line 4.


(/usr/share/texlive/texmf-dist/tex/latex/psnfss/omlztmcm.fd
File: omlztmcm.fd 2000/01/03 Fontinst v1.801 font definitions for OML/ztmcm.
)
LaTeX Font Info:    Try loading font information for OMS+ztmcm on input line 4.


(/usr/share/texlive/texmf-dist/tex/latex/psnfss/omsztmcm.fd
File: omsztmcm.fd 2000/01/03 Fontinst v1.801 font definitions for OMS/ztmcm.
)
LaTeX Font Info:    Try loading font information for OMX+ztmcm on input line 4.


(/usr/share/texlive/texmf-dist/tex/latex/psnfss/omxztmcm.fd
File: omxztmcm.fd 2000/01/03 Fontinst v1.801 font definitions for OMX/ztmcm.
)
LaTeX Font Info:    Font shape `OT1/ptm/bx/n' in size <9> not available
(Font)              Font shape `OT1/ptm/b/n' tried instead on input line 4.
LaTeX Font Info:    Font shape `OT1/ptm/bx/n' in size <7> not available
(Font)              Font shape `OT1/ptm/b/n' tried instead on input line 4.
)
\tf@toc=\write7
\openout7 = `tfg.toc'.

Package babel Info: Redefining spanish shorthand <<
(babel)             in language  on input line 10.
Package babel Info: Redefining spanish shorthand >>
(babel)             in language  on input line 10.
Package babel Info: Redefining spanish shorthand "=
(babel)             in language  on input line 10.
Package babel Info: Redefining spanish shorthand "~
(babel)             in language  on input line 10.
Package babel Info: Redefining spanish shorthand "!
(babel)             in language  on input line 10.
Package babel Info: Redefining spanish shorthand "?
(babel)             in language  on input line 10.
Package babel Info: Redefining spanish shorthand <<
(babel)             in language  on input line 10.
Package babel Info: Redefining spanish shorthand >>
(babel)             in language  on input line 10.
Package babel Info: Redefining spanish shorthand "=
(babel)             in language  on input line 10.
Package babel Info: Redefining spanish shorthand "~
(babel)             in language  on input line 10.
Package babel Info: Redefining spanish shorthand "!
(babel)             in language  on input line 10.
Package babel Info: Redefining spanish shorthand "?
(babel)             in language  on input line 10.
 [1




{/var/lib/texmf/fonts/map/pdftex/updmap/pdftex.map}]
Package babel Info: Redefining spanish shorthand <<
(babel)             in language  on input line 10.
Package babel Info: Redefining spanish shorthand >>
(babel)             in language  on input line 10.
Package babel Info: Redefining spanish shorthand "=
(babel)             in language  on input line 10.
Package babel Info: Redefining spanish shorthand "~
(babel)             in language  on input line 10.
Package babel Info: Redefining spanish shorthand "!
(babel)             in language  on input line 10.
Package babel Info: Redefining spanish shorthand "?
(babel)             in language  on input line 10.
Package babel Info: Redefining spanish shorthand <<
(babel)             in language  on input line 10.
Package babel Info: Redefining spanish shorthand >>
(babel)             in language  on input line 10.
Package babel Info: Redefining spanish shorthand "=
(babel)             in language  on input line 10.
Package babel Info: Redefining spanish shorthand "~
(babel)             in language  on input line 10.
Package babel Info: Redefining spanish shorthand "!
(babel)             in language  on input line 10.
Package babel Info: Redefining spanish shorthand "?
(babel)             in language  on input line 10.
pdfTeX warning (ext4): destination with the same identifier (name{page.}) has b
een already used, duplicate ignored
<to be read again> 
                   \relax 
l.10 \listoftables
                   [2

] (./tfg.lot
LaTeX Info: Redefining \. on input line 1.
LaTeX Info: Redefining \% on input line 1.
)
\tf@lot=\write8
\openout8 = `tfg.lot'.

Package babel Info: Redefining spanish shorthand <<
(babel)             in language  on input line 11.
Package babel Info: Redefining spanish shorthand >>
(babel)             in language  on input line 11.
Package babel Info: Redefining spanish shorthand "=
(babel)             in language  on input line 11.
Package babel Info: Redefining spanish shorthand "~
(babel)             in language  on input line 11.
Package babel Info: Redefining spanish shorthand "!
(babel)             in language  on input line 11.
Package babel Info: Redefining spanish shorthand "?
(babel)             in language  on input line 11.
Package babel Info: Redefining spanish shorthand <<
(babel)             in language  on input line 11.
Package babel Info: Redefining spanish shorthand >>
(babel)             in language  on input line 11.
Package babel Info: Redefining spanish shorthand "=
(babel)             in language  on input line 11.
Package babel Info: Redefining spanish shorthand "~
(babel)             in language  on input line 11.
Package babel Info: Redefining spanish shorthand "!
(babel)             in language  on input line 11.
Package babel Info: Redefining spanish shorthand "?
(babel)             in language  on input line 11.
pdfTeX warning (ext4): destination with the same identifier (name{page.}) has b
een already used, duplicate ignored
<to be read again> 
                   \relax 
l.11 \listoffigures
                    [3]
Package babel Info: Redefining spanish shorthand <<
(babel)             in language  on input line 11.
Package babel Info: Redefining spanish shorthand >>
(babel)             in language  on input line 11.
Package babel Info: Redefining spanish shorthand "=
(babel)             in language  on input line 11.
Package babel Info: Redefining spanish shorthand "~
(babel)             in language  on input line 11.
Package babel Info: Redefining spanish shorthand "!
(babel)             in language  on input line 11.
Package babel Info: Redefining spanish shorthand "?
(babel)             in language  on input line 11.
Package babel Info: Redefining spanish shorthand <<
(babel)             in language  on input line 11.
Package babel Info: Redefining spanish shorthand >>
(babel)             in language  on input line 11.
Package babel Info: Redefining spanish shorthand "=
(babel)             in language  on input line 11.
Package babel Info: Redefining spanish shorthand "~
(babel)             in language  on input line 11.
Package babel Info: Redefining spanish shorthand "!
(babel)             in language  on input line 11.
Package babel Info: Redefining spanish shorthand "?
(babel)             in language  on input line 11.
pdfTeX warning (ext4): destination with the same identifier (name{page.}) has b
een already used, duplicate ignored
<to be read again> 
                   \relax 
l.11 \listoffigures
                    [4

] (./tfg.lof
LaTeX Info: Redefining \. on input line 1.
LaTeX Info: Redefining \% on input line 1.
)
\tf@lof=\write9
\openout9 = `tfg.lof'.

Package babel Info: Redefining spanish shorthand <<
(babel)             in language  on input line 13.
Package babel Info: Redefining spanish shorthand >>
(babel)             in language  on input line 13.
Package babel Info: Redefining spanish shorthand "=
(babel)             in language  on input line 13.
Package babel Info: Redefining spanish shorthand "~
(babel)             in language  on input line 13.
Package babel Info: Redefining spanish shorthand "!
(babel)             in language  on input line 13.
Package babel Info: Redefining spanish shorthand "?
(babel)             in language  on input line 13.
Package babel Info: Redefining spanish shorthand <<
(babel)             in language  on input line 13.
Package babel Info: Redefining spanish shorthand >>
(babel)             in language  on input line 13.
Package babel Info: Redefining spanish shorthand "=
(babel)             in language  on input line 13.
Package babel Info: Redefining spanish shorthand "~
(babel)             in language  on input line 13.
Package babel Info: Redefining spanish shorthand "!
(babel)             in language  on input line 13.
Package babel Info: Redefining spanish shorthand "?
(babel)             in language  on input line 13.
pdfTeX warning (ext4): destination with the same identifier (name{page.}) has b
een already used, duplicate ignored
<to be read again> 
                   \relax 
l.13 \pageblank
                [5]
Package babel Info: Redefining spanish shorthand <<
(babel)             in language  on input line 15.
Package babel Info: Redefining spanish shorthand >>
(babel)             in language  on input line 15.
Package babel Info: Redefining spanish shorthand "=
(babel)             in language  on input line 15.
Package babel Info: Redefining spanish shorthand "~
(babel)             in language  on input line 15.
Package babel Info: Redefining spanish shorthand "!
(babel)             in language  on input line 15.
Package babel Info: Redefining spanish shorthand "?
(babel)             in language  on input line 15.
Package babel Info: Redefining spanish shorthand <<
(babel)             in language  on input line 15.
Package babel Info: Redefining spanish shorthand >>
(babel)             in language  on input line 15.
Package babel Info: Redefining spanish shorthand "=
(babel)             in language  on input line 15.
Package babel Info: Redefining spanish shorthand "~
(babel)             in language  on input line 15.
Package babel Info: Redefining spanish shorthand "!
(babel)             in language  on input line 15.
Package babel Info: Redefining spanish shorthand "?
(babel)             in language  on input line 15.
pdfTeX warning (ext4): destination with the same identifier (name{page.}) has b
een already used, duplicate ignored
<to be read again> 
                   \relax 
l.15 \include{./04-Analisis/tfg-analisis}
                                          [6]
\openout2 = `./04-Analisis/tfg-analisis.aux'.

 (./04-Analisis/tfg-analisis.tex
Cap\'{\i }tulo 1.
Package babel Info: Redefining spanish shorthand <<
(babel)             in language  on input line 7.
Package babel Info: Redefining spanish shorthand >>
(babel)             in language  on input line 7.
Package babel Info: Redefining spanish shorthand "=
(babel)             in language  on input line 7.
Package babel Info: Redefining spanish shorthand "~
(babel)             in language  on input line 7.
Package babel Info: Redefining spanish shorthand "!
(babel)             in language  on input line 7.
Package babel Info: Redefining spanish shorthand "?
(babel)             in language  on input line 7.
(/usr/share/texlive/texmf-dist/tex/latex/ucs/data/uni-0.def
File: uni-0.def 2013/05/13 UCS: Unicode data U+0000..U+00FF
)
Package babel Info: Redefining spanish shorthand <<
(babel)             in language  on input line 13.
Package babel Info: Redefining spanish shorthand >>
(babel)             in language  on input line 13.
Package babel Info: Redefining spanish shorthand "=
(babel)             in language  on input line 13.
Package babel Info: Redefining spanish shorthand "~
(babel)             in language  on input line 13.
Package babel Info: Redefining spanish shorthand "!
(babel)             in language  on input line 13.
Package babel Info: Redefining spanish shorthand "?
(babel)             in language  on input line 13.
LaTeX Font Info:    Font shape `OT1/ptm/bx/n' in size <14.4> not available
(Font)              Font shape `OT1/ptm/b/n' tried instead on input line 16.
Package babel Info: Redefining spanish shorthand <<
(babel)             in language  on input line 16.
Package babel Info: Redefining spanish shorthand >>
(babel)             in language  on input line 16.
Package babel Info: Redefining spanish shorthand "=
(babel)             in language  on input line 16.
Package babel Info: Redefining spanish shorthand "~
(babel)             in language  on input line 16.
Package babel Info: Redefining spanish shorthand "!
(babel)             in language  on input line 16.
Package babel Info: Redefining spanish shorthand "?
(babel)             in language  on input line 16.
Package babel Info: Redefining spanish shorthand <<
(babel)             in language  on input line 18.
Package babel Info: Redefining spanish shorthand >>
(babel)             in language  on input line 18.
Package babel Info: Redefining spanish shorthand "=
(babel)             in language  on input line 18.
Package babel Info: Redefining spanish shorthand "~
(babel)             in language  on input line 18.
Package babel Info: Redefining spanish shorthand "!
(babel)             in language  on input line 18.
Package babel Info: Redefining spanish shorthand "?
(babel)             in language  on input line 18.
Package babel Info: Redefining spanish shorthand <<
(babel)             in language  on input line 24.
Package babel Info: Redefining spanish shorthand >>
(babel)             in language  on input line 24.
Package babel Info: Redefining spanish shorthand "=
(babel)             in language  on input line 24.
Package babel Info: Redefining spanish shorthand "~
(babel)             in language  on input line 24.
Package babel Info: Redefining spanish shorthand "!
(babel)             in language  on input line 24.
Package babel Info: Redefining spanish shorthand "?
(babel)             in language  on input line 24.
Package babel Info: Redefining spanish shorthand <<
(babel)             in language  on input line 26.
Package babel Info: Redefining spanish shorthand >>
(babel)             in language  on input line 26.
Package babel Info: Redefining spanish shorthand "=
(babel)             in language  on input line 26.
Package babel Info: Redefining spanish shorthand "~
(babel)             in language  on input line 26.
Package babel Info: Redefining spanish shorthand "!
(babel)             in language  on input line 26.
Package babel Info: Redefining spanish shorthand "?
(babel)             in language  on input line 26.
Package babel Info: Redefining spanish shorthand <<
(babel)             in language  on input line 28.
Package babel Info: Redefining spanish shorthand >>
(babel)             in language  on input line 28.
Package babel Info: Redefining spanish shorthand "=
(babel)             in language  on input line 28.
Package babel Info: Redefining spanish shorthand "~
(babel)             in language  on input line 28.
Package babel Info: Redefining spanish shorthand "!
(babel)             in language  on input line 28.
Package babel Info: Redefining spanish shorthand "?
(babel)             in language  on input line 28.
Package babel Info: Redefining spanish shorthand <<
(babel)             in language  on input line 30.
Package babel Info: Redefining spanish shorthand >>
(babel)             in language  on input line 30.
Package babel Info: Redefining spanish shorthand "=
(babel)             in language  on input line 30.
Package babel Info: Redefining spanish shorthand "~
(babel)             in language  on input line 30.
Package babel Info: Redefining spanish shorthand "!
(babel)             in language  on input line 30.
Package babel Info: Redefining spanish shorthand "?
(babel)             in language  on input line 30.
Package babel Info: Redefining spanish shorthand <<
(babel)             in language  on input line 33.
Package babel Info: Redefining spanish shorthand >>
(babel)             in language  on input line 33.
Package babel Info: Redefining spanish shorthand "=
(babel)             in language  on input line 33.
Package babel Info: Redefining spanish shorthand "~
(babel)             in language  on input line 33.
Package babel Info: Redefining spanish shorthand "!
(babel)             in language  on input line 33.
Package babel Info: Redefining spanish shorthand "?
(babel)             in language  on input line 33.

Underfull \vbox (badness 10000) has occurred while \output is active []

Package babel Info: Redefining spanish shorthand <<
(babel)             in language  on input line 52.
Package babel Info: Redefining spanish shorthand >>
(babel)             in language  on input line 52.
Package babel Info: Redefining spanish shorthand "=
(babel)             in language  on input line 52.
Package babel Info: Redefining spanish shorthand "~
(babel)             in language  on input line 52.
Package babel Info: Redefining spanish shorthand "!
(babel)             in language  on input line 52.
Package babel Info: Redefining spanish shorthand "?
(babel)             in language  on input line 52.
Package babel Info: Redefining spanish shorthand <<
(babel)             in language  on input line 52.
Package babel Info: Redefining spanish shorthand >>
(babel)             in language  on input line 52.
Package babel Info: Redefining spanish shorthand "=
(babel)             in language  on input line 52.
Package babel Info: Redefining spanish shorthand "~
(babel)             in language  on input line 52.
Package babel Info: Redefining spanish shorthand "!
(babel)             in language  on input line 52.
Package babel Info: Redefining spanish shorthand "?
(babel)             in language  on input line 52.
 [1


]
Package babel Info: Redefining spanish shorthand <<
(babel)             in language  on input line 54.
Package babel Info: Redefining spanish shorthand >>
(babel)             in language  on input line 54.
Package babel Info: Redefining spanish shorthand "=
(babel)             in language  on input line 54.
Package babel Info: Redefining spanish shorthand "~
(babel)             in language  on input line 54.
Package babel Info: Redefining spanish shorthand "!
(babel)             in language  on input line 54.
Package babel Info: Redefining spanish shorthand "?
(babel)             in language  on input line 54.
Package babel Info: Redefining spanish shorthand <<
(babel)             in language  on input line 54.
Package babel Info: Redefining spanish shorthand >>
(babel)             in language  on input line 54.
Package babel Info: Redefining spanish shorthand "=
(babel)             in language  on input line 54.
Package babel Info: Redefining spanish shorthand "~
(babel)             in language  on input line 54.
Package babel Info: Redefining spanish shorthand "!
(babel)             in language  on input line 54.
Package babel Info: Redefining spanish shorthand "?
(babel)             in language  on input line 54.

[2]
Underfull \vbox (badness 10000) detected at line 123
 []


Overfull \vbox (13.74017pt too high) has occurred while \output is active []

Package babel Info: Redefining spanish shorthand <<
(babel)             in language  on input line 123.
Package babel Info: Redefining spanish shorthand >>
(babel)             in language  on input line 123.
Package babel Info: Redefining spanish shorthand "=
(babel)             in language  on input line 123.
Package babel Info: Redefining spanish shorthand "~
(babel)             in language  on input line 123.
Package babel Info: Redefining spanish shorthand "!
(babel)             in language  on input line 123.
Package babel Info: Redefining spanish shorthand "?
(babel)             in language  on input line 123.
Package babel Info: Redefining spanish shorthand <<
(babel)             in language  on input line 123.
Package babel Info: Redefining spanish shorthand >>
(babel)             in language  on input line 123.
Package babel Info: Redefining spanish shorthand "=
(babel)             in language  on input line 123.
Package babel Info: Redefining spanish shorthand "~
(babel)             in language  on input line 123.
Package babel Info: Redefining spanish shorthand "!
(babel)             in language  on input line 123.
Package babel Info: Redefining spanish shorthand "?
(babel)             in language  on input line 123.

[3]
Underfull \vbox (badness 10000) detected at line 203
 []

)
Package babel Info: Redefining spanish shorthand <<
(babel)             in language  on input line 15.
Package babel Info: Redefining spanish shorthand >>
(babel)             in language  on input line 15.
Package babel Info: Redefining spanish shorthand "=
(babel)             in language  on input line 15.
Package babel Info: Redefining spanish shorthand "~
(babel)             in language  on input line 15.
Package babel Info: Redefining spanish shorthand "!
(babel)             in language  on input line 15.
Package babel Info: Redefining spanish shorthand "?
(babel)             in language  on input line 15.
Package babel Info: Redefining spanish shorthand <<
(babel)             in language  on input line 15.
Package babel Info: Redefining spanish shorthand >>
(babel)             in language  on input line 15.
Package babel Info: Redefining spanish shorthand "=
(babel)             in language  on input line 15.
Package babel Info: Redefining spanish shorthand "~
(babel)             in language  on input line 15.
Package babel Info: Redefining spanish shorthand "!
(babel)             in language  on input line 15.
Package babel Info: Redefining spanish shorthand "?
(babel)             in language  on input line 15.
 [4]
Package atveryend Info: Empty hook `BeforeClearDocument' on input line 18.
Package atveryend Info: Empty hook `AfterLastShipout' on input line 18.
 (./tfg.aux
LaTeX Info: Redefining \. on input line 23.
LaTeX Info: Redefining \% on input line 23.
 (./04-Analisis/tfg-analisis.aux))
Package atveryend Info: Executing hook `AtVeryEndDocument' on input line 18.
Package atveryend Info: Executing hook `AtEndAfterFileList' on input line 18.
Package rerunfilecheck Info: File `tfg.out' has not changed.
(rerunfilecheck)             Checksum: 7CC7A46FB29B075AB33D7DB8FC8EE017;637.


LaTeX Warning: There were multiply-defined labels.

Package atveryend Info: Empty hook `AtVeryVeryEnd' on input line 18.
 ) 
Here is how much of TeX's memory you used:
 24633 strings out of 492990
 484514 string characters out of 6135006
 645601 words of memory out of 5000000
 27666 multiletter control sequences out of 15000+600000
 24101 words of font info for 49 fonts, out of 8000000 for 9000
 1141 hyphenation exceptions out of 8191
 69i,11n,86p,510b,938s stack positions out of 5000i,500n,10000p,200000b,80000s
{/usr/share/texlive/texmf-dist/fonts/enc/dvips/base/8r.enc}</usr/share/texliv
e/texmf-dist/fonts/type1/public/amsfonts/cm/cmmi10.pfb></usr/share/texlive/texm
f-dist/fonts/type1/urw/times/utmb8a.pfb></usr/share/texlive/texmf-dist/fonts/ty
pe1/urw/times/utmr8a.pfb></usr/share/texlive/texmf-dist/fonts/type1/urw/times/u
tmri8a.pfb>
Output written on tfg.pdf (10 pages, 54846 bytes).
PDF statistics:
 174 PDF objects out of 1000 (max. 8388607)
 140 compressed objects within 2 object streams
 40 named destinations out of 1000 (max. 500000)
 181 words of extra memory for PDF output out of 10000 (max. 10000000)

