\BOOKMARK [0][-]{chapter.1}{Introducci\363n}{}% 1
\BOOKMARK [0][-]{chapter.2}{Fundamentos tecnol\363gicos}{}% 2
\BOOKMARK [1][-]{section.2.1}{Lenguajes utilizados}{chapter.2}% 3
\BOOKMARK [2][-]{subsection.2.1.1}{Java}{section.2.1}% 4
\BOOKMARK [2][-]{subsection.2.1.2}{JavaScript}{section.2.1}% 5
\BOOKMARK [2][-]{subsection.2.1.3}{TypeScript}{section.2.1}% 6
\BOOKMARK [2][-]{subsection.2.1.4}{HyperText Markup Language}{section.2.1}% 7
\BOOKMARK [2][-]{subsection.2.1.5}{Cascading StyleSheets}{section.2.1}% 8
\BOOKMARK [1][-]{section.2.2}{Frameworks, librer\355as y t\351cnicas de desarrollo}{chapter.2}% 9
\BOOKMARK [2][-]{subsection.2.2.1}{Spring}{section.2.2}% 10
\BOOKMARK [2][-]{subsection.2.2.2}{Java Persistence API}{section.2.2}% 11
\BOOKMARK [2][-]{subsection.2.2.3}{JAX-RS}{section.2.2}% 12
\BOOKMARK [2][-]{subsection.2.2.4}{Thymeleaf}{section.2.2}% 13
\BOOKMARK [2][-]{subsection.2.2.5}{jQuery}{section.2.2}% 14
\BOOKMARK [2][-]{subsection.2.2.6}{Bootstrap}{section.2.2}% 15
\BOOKMARK [2][-]{subsection.2.2.7}{AJAX}{section.2.2}% 16
\BOOKMARK [1][-]{section.2.3}{Herramientas de desarrollo}{chapter.2}% 17
\BOOKMARK [2][-]{subsection.2.3.1}{Eclipse}{section.2.3}% 18
\BOOKMARK [2][-]{subsection.2.3.2}{Maven}{section.2.3}% 19
\BOOKMARK [2][-]{subsection.2.3.3}{Git}{section.2.3}% 20
\BOOKMARK [2][-]{subsection.2.3.4}{Oracle SQL Developer}{section.2.3}% 21
\BOOKMARK [1][-]{section.2.4}{Sistema de gesti\363n de bases de datos}{chapter.2}% 22
\BOOKMARK [2][-]{subsection.2.4.1}{Oracle Database}{section.2.4}% 23
\BOOKMARK [1][-]{section.2.5}{Servidor de aplicaciones}{chapter.2}% 24
\BOOKMARK [2][-]{subsection.2.5.1}{Apache Tomcat}{section.2.5}% 25
\BOOKMARK [1][-]{section.2.6}{Otros}{chapter.2}% 26
\BOOKMARK [2][-]{subsection.2.6.1}{Ionic}{section.2.6}% 27
\BOOKMARK [0][-]{chapter.3}{Metodolog\355a}{}% 28
\BOOKMARK [1][-]{section.3.1}{Caracter\355sticas}{chapter.3}% 29
\BOOKMARK [2][-]{subsection.3.1.1}{Dirigido por casos de uso}{section.3.1}% 30
\BOOKMARK [2][-]{subsection.3.1.2}{Centrado en la arquitectura}{section.3.1}% 31
\BOOKMARK [2][-]{subsection.3.1.3}{Iterativo e incremental}{section.3.1}% 32
\BOOKMARK [1][-]{section.3.2}{Ciclo de vida}{chapter.3}% 33
\BOOKMARK [1][-]{section.3.3}{Planificaci\363n}{chapter.3}% 34
\BOOKMARK [2][-]{subsection.3.3.1}{Iteraciones}{section.3.3}% 35
\BOOKMARK [0][-]{chapter.4}{Planificaci\363n}{}% 36
\BOOKMARK [0][-]{chapter.5}{An\341lisis}{}% 37
\BOOKMARK [1][-]{section.5.1}{An\341lisis de requerimientos}{chapter.5}% 38
\BOOKMARK [2][-]{subsection.5.1.1}{Requerimientos funcionales}{section.5.1}% 39
\BOOKMARK [2][-]{subsection.5.1.2}{Requerimientos no funcionales}{section.5.1}% 40
\BOOKMARK [1][-]{section.5.2}{Modelo de casos de uso}{chapter.5}% 41
\BOOKMARK [2][-]{subsection.5.2.1}{Actores del sistema}{section.5.2}% 42
\BOOKMARK [2][-]{subsection.5.2.2}{Diagrama de casos de uso}{section.5.2}% 43
\BOOKMARK [2][-]{subsection.5.2.3}{Especificaci\363n casos de uso}{section.5.2}% 44
\BOOKMARK [0][-]{chapter.6}{Dise\361o}{}% 45
\BOOKMARK [1][-]{section.6.1}{Arquitectura del sistema}{chapter.6}% 46
\BOOKMARK [2][-]{subsection.6.1.1}{Arquitectura cliente web}{section.6.1}% 47
\BOOKMARK [1][-]{section.6.2}{Patrones de dise\361o}{chapter.6}% 48
\BOOKMARK [1][-]{section.6.3}{Diagrama clases persistentes}{chapter.6}% 49
\BOOKMARK [1][-]{section.6.4}{Modelo}{chapter.6}% 50
\BOOKMARK [2][-]{subsection.6.4.1}{Acceso a datos}{section.6.4}% 51
\BOOKMARK [2][-]{subsection.6.4.2}{Servicios}{section.6.4}% 52
\BOOKMARK [1][-]{section.6.5}{Controlador}{chapter.6}% 53
\BOOKMARK [1][-]{section.6.6}{Dise\361o f\355sco de los datos}{chapter.6}% 54
\BOOKMARK [2][-]{subsection.6.6.1}{Modelo Entidad-Relaci\363n}{section.6.6}% 55
\BOOKMARK [2][-]{subsection.6.6.2}{Modelo Relacional}{section.6.6}% 56
\BOOKMARK [0][-]{chapter.7}{Implementaci\363n}{}% 57
\BOOKMARK [1][-]{section.7.1}{Estructura de la aplicaci\363n}{chapter.7}% 58
\BOOKMARK [1][-]{section.7.2}{Implementaci\363n del modelo}{chapter.7}% 59
\BOOKMARK [2][-]{subsection.7.2.1}{Persistencia}{section.7.2}% 60
\BOOKMARK [2][-]{subsection.7.2.2}{Consultas a la Base de datos}{section.7.2}% 61
\BOOKMARK [1][-]{section.7.3}{Implementaci\363n servicio REST}{chapter.7}% 62
\BOOKMARK [1][-]{section.7.4}{Implementaci\363n cliente REST}{chapter.7}% 63
\BOOKMARK [1][-]{section.7.5}{Implementaci\363n del controlador}{chapter.7}% 64
\BOOKMARK [1][-]{section.7.6}{Implementaci\363n vista web}{chapter.7}% 65
\BOOKMARK [1][-]{section.7.7}{Implementaci\363n cliente m\363vil}{chapter.7}% 66
\BOOKMARK [0][-]{chapter.8}{Pruebas}{}% 67
\BOOKMARK [0][-]{chapter.9}{Conclusiones}{}% 68
\BOOKMARK [0][-]{chapter.10}{Trabajo futuro}{}% 69
\BOOKMARK [0][-]{chapter.11}{Bibliograf\355a}{}% 70
